<?xml version="1.0" encoding="UTF-8" ?>
<testsuite tests="9" failures="0" name="hu.unideb.inf.RunCucumberTest" time="38.02" errors="0" skipped="0">
  <properties>
[...]
</properties>
  <testcase classname="YorLogo Account processes" name="EMPTY_NAME" time="9.395"/>
  <testcase classname="YourLogo Contact Us process" name="Full empty message, no email" time="3.101"/>
  <testcase classname="YourLogo Contact Us process" name="Bad email and good email" time="3.756"/>
  <testcase classname="YourLogo Contact Us process" name="Bad email and good email" time="3.296"/>
  <testcase classname="YourLogo Contact Us process" name="Message into id_order, message into message, no subject" time="3.606"/>
  <testcase classname="YourLogo Contact Us process" name="Message into id_order, message into message, no subject" time="3.803"/>
  <testcase classname="YourLogo Contact Us process" name="Bad or good email, order number into id_order, message text into message, no subject" time="3.15"/>
  <testcase classname="YourLogo Contact Us process" name="Bad or good email, order number into id_order, message text into message, no subject" time="3.546"/>
  <testcase classname="YourLogo Contact Us process" name="Good message process" time="4.367"/>
</testsuite>